2023-05-11 15:02:13,833 [myid:] - INFO  [main:QuorumPeerConfig@174] - Reading configuration from: /users/rishi08/DynamoDB/apache-zookeeper-3.7.1-bin/bin/../conf/zoo.cfg
2023-05-11 15:02:13,839 [myid:] - INFO  [main:QuorumPeerConfig@444] - clientPortAddress is 0.0.0.0:2181
2023-05-11 15:02:13,839 [myid:] - INFO  [main:QuorumPeerConfig@448] - secureClientPort is not set
2023-05-11 15:02:13,839 [myid:] - INFO  [main:QuorumPeerConfig@464] - observerMasterPort is not set
2023-05-11 15:02:13,839 [myid:] - INFO  [main:QuorumPeerConfig@481] - metricsProvider.className is org.apache.zookeeper.metrics.impl.DefaultMetricsProvider
2023-05-11 15:02:13,841 [myid:] - INFO  [main:DatadirCleanupManager@78] - autopurge.snapRetainCount set to 3
2023-05-11 15:02:13,841 [myid:] - INFO  [main:DatadirCleanupManager@79] - autopurge.purgeInterval set to 0
2023-05-11 15:02:13,841 [myid:] - INFO  [main:DatadirCleanupManager@101] - Purge task is not scheduled.
2023-05-11 15:02:13,841 [myid:] - WARN  [main:QuorumPeerMain@139] - Either no config or no quorum defined in config, running in standalone mode
2023-05-11 15:02:13,843 [myid:] - INFO  [main:ManagedUtil@46] - Log4j 1.2 jmx support not found; jmx disabled.
2023-05-11 15:02:13,843 [myid:] - INFO  [main:QuorumPeerConfig@174] - Reading configuration from: /users/rishi08/DynamoDB/apache-zookeeper-3.7.1-bin/bin/../conf/zoo.cfg
2023-05-11 15:02:13,844 [myid:] - INFO  [main:QuorumPeerConfig@444] - clientPortAddress is 0.0.0.0:2181
2023-05-11 15:02:13,844 [myid:] - INFO  [main:QuorumPeerConfig@448] - secureClientPort is not set
2023-05-11 15:02:13,844 [myid:] - INFO  [main:QuorumPeerConfig@464] - observerMasterPort is not set
2023-05-11 15:02:13,844 [myid:] - INFO  [main:QuorumPeerConfig@481] - metricsProvider.className is org.apache.zookeeper.metrics.impl.DefaultMetricsProvider
2023-05-11 15:02:13,844 [myid:] - INFO  [main:ZooKeeperServerMain@123] - Starting server
2023-05-11 15:02:13,855 [myid:] - INFO  [main:ServerMetrics@62] - ServerMetrics initialized with provider org.apache.zookeeper.metrics.impl.DefaultMetricsProvider@491666ad
2023-05-11 15:02:13,858 [myid:] - INFO  [main:DigestAuthenticationProvider@47] - ACL digest algorithm is: SHA1
2023-05-11 15:02:13,858 [myid:] - INFO  [main:DigestAuthenticationProvider@61] - zookeeper.DigestAuthenticationProvider.enabled = true
2023-05-11 15:02:13,860 [myid:] - INFO  [main:FileTxnSnapLog@124] - zookeeper.snapshot.trust.empty : false
2023-05-11 15:02:13,870 [myid:] - INFO  [main:ZookeeperBanner@42] - 
2023-05-11 15:02:13,870 [myid:] - INFO  [main:ZookeeperBanner@42] -   ______                  _                                          
2023-05-11 15:02:13,870 [myid:] - INFO  [main:ZookeeperBanner@42] -  |___  /                 | |                                         
2023-05-11 15:02:13,870 [myid:] - INFO  [main:ZookeeperBanner@42] -     / /    ___     ___   | | __   ___    ___   _ __     ___   _ __   
2023-05-11 15:02:13,870 [myid:] - INFO  [main:ZookeeperBanner@42] -    / /    / _ \   / _ \  | |/ /  / _ \  / _ \ | '_ \   / _ \ | '__|
2023-05-11 15:02:13,870 [myid:] - INFO  [main:ZookeeperBanner@42] -   / /__  | (_) | | (_) | |   <  |  __/ |  __/ | |_) | |  __/ | |    
2023-05-11 15:02:13,870 [myid:] - INFO  [main:ZookeeperBanner@42] -  /_____|  \___/   \___/  |_|\_\  \___|  \___| | .__/   \___| |_|
2023-05-11 15:02:13,870 [myid:] - INFO  [main:ZookeeperBanner@42] -                                               | |                     
2023-05-11 15:02:13,870 [myid:] - INFO  [main:ZookeeperBanner@42] -                                               |_|                     
2023-05-11 15:02:13,870 [myid:] - INFO  [main:ZookeeperBanner@42] - 
2023-05-11 15:02:13,873 [myid:] - INFO  [main:Environment@98] - Server environment:zookeeper.version=3.7.1-a2fb57c55f8e59cdd76c34b357ad5181df1258d5, built on 2022-05-07 06:45 UTC
2023-05-11 15:02:13,874 [myid:] - INFO  [main:Environment@98] - Server environment:host.name=c220g2-010618.wisc.cloudlab.us
2023-05-11 15:02:13,874 [myid:] - INFO  [main:Environment@98] - Server environment:java.version=11.0.18
2023-05-11 15:02:13,874 [myid:] - INFO  [main:Environment@98] - Server environment:java.vendor=Ubuntu
2023-05-11 15:02:13,874 [myid:] - INFO  [main:Environment@98] - Server environment:java.home=/usr/lib/jvm/java-11-openjdk-amd64
2023-05-11 15:02:13,874 [myid:] - INFO  [main:Environment@98] - Server environment:java.class.path=/users/rishi08/DynamoDB/apache-zookeeper-3.7.1-bin/bin/../zookeeper-server/target/classes:/users/rishi08/DynamoDB/apache-zookeeper-3.7.1-bin/bin/../build/classes:/users/rishi08/DynamoDB/apache-zookeeper-3.7.1-bin/bin/../zookeeper-server/target/lib/*.jar:/users/rishi08/DynamoDB/apache-zookeeper-3.7.1-bin/bin/../build/lib/*.jar:/users/rishi08/DynamoDB/apache-zookeeper-3.7.1-bin/bin/../lib/zookeeper-prometheus-metrics-3.7.1.jar:/users/rishi08/DynamoDB/apache-zookeeper-3.7.1-bin/bin/../lib/zookeeper-jute-3.7.1.jar:/users/rishi08/DynamoDB/apache-zookeeper-3.7.1-bin/bin/../lib/zookeeper-3.7.1.jar:/users/rishi08/DynamoDB/apache-zookeeper-3.7.1-bin/bin/../lib/snappy-java-1.1.7.7.jar:/users/rishi08/DynamoDB/apache-zookeeper-3.7.1-bin/bin/../lib/slf4j-reload4j-1.7.35.jar:/users/rishi08/DynamoDB/apache-zookeeper-3.7.1-bin/bin/../lib/slf4j-api-1.7.35.jar:/users/rishi08/DynamoDB/apache-zookeeper-3.7.1-bin/bin/../lib/simpleclient_servlet-0.9.0.jar:/users/rishi08/DynamoDB/apache-zookeeper-3.7.1-bin/bin/../lib/simpleclient_hotspot-0.9.0.jar:/users/rishi08/DynamoDB/apache-zookeeper-3.7.1-bin/bin/../lib/simpleclient_common-0.9.0.jar:/users/rishi08/DynamoDB/apache-zookeeper-3.7.1-bin/bin/../lib/simpleclient-0.9.0.jar:/users/rishi08/DynamoDB/apache-zookeeper-3.7.1-bin/bin/../lib/reload4j-1.2.19.jar:/users/rishi08/DynamoDB/apache-zookeeper-3.7.1-bin/bin/../lib/netty-transport-native-unix-common-4.1.76.Final.jar:/users/rishi08/DynamoDB/apache-zookeeper-3.7.1-bin/bin/../lib/netty-transport-native-epoll-4.1.76.Final.jar:/users/rishi08/DynamoDB/apache-zookeeper-3.7.1-bin/bin/../lib/netty-transport-classes-epoll-4.1.76.Final.jar:/users/rishi08/DynamoDB/apache-zookeeper-3.7.1-bin/bin/../lib/netty-transport-4.1.76.Final.jar:/users/rishi08/DynamoDB/apache-zookeeper-3.7.1-bin/bin/../lib/netty-resolver-4.1.76.Final.jar:/users/rishi08/DynamoDB/apache-zookeeper-3.7.1-bin/bin/../lib/netty-handler-4.1.76.Final.jar:/users/rishi08/DynamoDB/apache-zookeeper-3.7.1-bin/bin/../lib/netty-common-4.1.76.Final.jar:/users/rishi08/DynamoDB/apache-zookeeper-3.7.1-bin/bin/../lib/netty-codec-4.1.76.Final.jar:/users/rishi08/DynamoDB/apache-zookeeper-3.7.1-bin/bin/../lib/netty-buffer-4.1.76.Final.jar:/users/rishi08/DynamoDB/apache-zookeeper-3.7.1-bin/bin/../lib/metrics-core-4.1.12.1.jar:/users/rishi08/DynamoDB/apache-zookeeper-3.7.1-bin/bin/../lib/jline-2.14.6.jar:/users/rishi08/DynamoDB/apache-zookeeper-3.7.1-bin/bin/../lib/jetty-util-ajax-9.4.43.v20210629.jar:/users/rishi08/DynamoDB/apache-zookeeper-3.7.1-bin/bin/../lib/jetty-util-9.4.43.v20210629.jar:/users/rishi08/DynamoDB/apache-zookeeper-3.7.1-bin/bin/../lib/jetty-servlet-9.4.43.v20210629.jar:/users/rishi08/DynamoDB/apache-zookeeper-3.7.1-bin/bin/../lib/jetty-server-9.4.43.v20210629.jar:/users/rishi08/DynamoDB/apache-zookeeper-3.7.1-bin/bin/../lib/jetty-security-9.4.43.v20210629.jar:/users/rishi08/DynamoDB/apache-zookeeper-3.7.1-bin/bin/../lib/jetty-io-9.4.43.v20210629.jar:/users/rishi08/DynamoDB/apache-zookeeper-3.7.1-bin/bin/../lib/jetty-http-9.4.43.v20210629.jar:/users/rishi08/DynamoDB/apache-zookeeper-3.7.1-bin/bin/../lib/javax.servlet-api-3.1.0.jar:/users/rishi08/DynamoDB/apache-zookeeper-3.7.1-bin/bin/../lib/jackson-databind-2.13.2.1.jar:/users/rishi08/DynamoDB/apache-zookeeper-3.7.1-bin/bin/../lib/jackson-core-2.13.2.jar:/users/rishi08/DynamoDB/apache-zookeeper-3.7.1-bin/bin/../lib/jackson-annotations-2.13.2.jar:/users/rishi08/DynamoDB/apache-zookeeper-3.7.1-bin/bin/../lib/commons-cli-1.4.jar:/users/rishi08/DynamoDB/apache-zookeeper-3.7.1-bin/bin/../lib/audience-annotations-0.12.0.jar:/users/rishi08/DynamoDB/apache-zookeeper-3.7.1-bin/bin/../zookeeper-*.jar:/users/rishi08/DynamoDB/apache-zookeeper-3.7.1-bin/bin/../zookeeper-server/src/main/resources/lib/*.jar:/users/rishi08/DynamoDB/apache-zookeeper-3.7.1-bin/bin/../conf:
2023-05-11 15:02:13,875 [myid:] - INFO  [main:Environment@98] - Server environment:java.library.path=/usr/java/packages/lib:/usr/lib/x86_64-linux-gnu/jni:/lib/x86_64-linux-gnu:/usr/lib/x86_64-linux-gnu:/usr/lib/jni:/lib:/usr/lib
2023-05-11 15:02:13,875 [myid:] - INFO  [main:Environment@98] - Server environment:java.io.tmpdir=/tmp
2023-05-11 15:02:13,875 [myid:] - INFO  [main:Environment@98] - Server environment:java.compiler=<NA>
2023-05-11 15:02:13,875 [myid:] - INFO  [main:Environment@98] - Server environment:os.name=Linux
2023-05-11 15:02:13,875 [myid:] - INFO  [main:Environment@98] - Server environment:os.arch=amd64
2023-05-11 15:02:13,876 [myid:] - INFO  [main:Environment@98] - Server environment:os.version=4.15.0-169-generic
2023-05-11 15:02:13,876 [myid:] - INFO  [main:Environment@98] - Server environment:user.name=root
2023-05-11 15:02:13,876 [myid:] - INFO  [main:Environment@98] - Server environment:user.home=/root
2023-05-11 15:02:13,876 [myid:] - INFO  [main:Environment@98] - Server environment:user.dir=/users/rishi08/DynamoDB
2023-05-11 15:02:13,876 [myid:] - INFO  [main:Environment@98] - Server environment:os.memory.free=985MB
2023-05-11 15:02:13,876 [myid:] - INFO  [main:Environment@98] - Server environment:os.memory.max=1000MB
2023-05-11 15:02:13,876 [myid:] - INFO  [main:Environment@98] - Server environment:os.memory.total=1000MB
2023-05-11 15:02:13,877 [myid:] - INFO  [main:ZooKeeperServer@138] - zookeeper.enableEagerACLCheck = false
2023-05-11 15:02:13,877 [myid:] - INFO  [main:ZooKeeperServer@151] - zookeeper.digest.enabled = true
2023-05-11 15:02:13,877 [myid:] - INFO  [main:ZooKeeperServer@155] - zookeeper.closeSessionTxn.enabled = true
2023-05-11 15:02:13,877 [myid:] - INFO  [main:ZooKeeperServer@1505] - zookeeper.flushDelay=0
2023-05-11 15:02:13,878 [myid:] - INFO  [main:ZooKeeperServer@1514] - zookeeper.maxWriteQueuePollTime=0
2023-05-11 15:02:13,878 [myid:] - INFO  [main:ZooKeeperServer@1523] - zookeeper.maxBatchSize=1000
2023-05-11 15:02:13,878 [myid:] - INFO  [main:ZooKeeperServer@260] - zookeeper.intBufferStartingSizeBytes = 1024
2023-05-11 15:02:13,880 [myid:] - INFO  [main:BlueThrottle@141] - Weighed connection throttling is disabled
2023-05-11 15:02:13,882 [myid:] - INFO  [main:ZooKeeperServer@1306] - minSessionTimeout set to 4000
2023-05-11 15:02:13,883 [myid:] - INFO  [main:ZooKeeperServer@1315] - maxSessionTimeout set to 40000
2023-05-11 15:02:13,884 [myid:] - INFO  [main:ResponseCache@45] - getData response cache size is initialized with value 400.
2023-05-11 15:02:13,884 [myid:] - INFO  [main:ResponseCache@45] - getChildren response cache size is initialized with value 400.
2023-05-11 15:02:13,885 [myid:] - INFO  [main:RequestPathMetricsCollector@109] - zookeeper.pathStats.slotCapacity = 60
2023-05-11 15:02:13,885 [myid:] - INFO  [main:RequestPathMetricsCollector@110] - zookeeper.pathStats.slotDuration = 15
2023-05-11 15:02:13,886 [myid:] - INFO  [main:RequestPathMetricsCollector@111] - zookeeper.pathStats.maxDepth = 6
2023-05-11 15:02:13,886 [myid:] - INFO  [main:RequestPathMetricsCollector@112] - zookeeper.pathStats.initialDelay = 5
2023-05-11 15:02:13,886 [myid:] - INFO  [main:RequestPathMetricsCollector@113] - zookeeper.pathStats.delay = 5
2023-05-11 15:02:13,886 [myid:] - INFO  [main:RequestPathMetricsCollector@114] - zookeeper.pathStats.enabled = false
2023-05-11 15:02:13,888 [myid:] - INFO  [main:ZooKeeperServer@1542] - The max bytes for all large requests are set to 104857600
2023-05-11 15:02:13,888 [myid:] - INFO  [main:ZooKeeperServer@1556] - The large request threshold is set to -1
2023-05-11 15:02:13,889 [myid:] - INFO  [main:AuthenticationHelper@66] - zookeeper.enforce.auth.enabled = false
2023-05-11 15:02:13,889 [myid:] - INFO  [main:AuthenticationHelper@67] - zookeeper.enforce.auth.schemes = []
2023-05-11 15:02:13,889 [myid:] - INFO  [main:ZooKeeperServer@361] - Created server with tickTime 2000 minSessionTimeout 4000 maxSessionTimeout 40000 clientPortListenBacklog -1 datadir /tmp/zookeeper/version-2 snapdir /tmp/zookeeper/version-2
2023-05-11 15:02:13,914 [myid:] - INFO  [main:Log@170] - Logging initialized @466ms to org.eclipse.jetty.util.log.Slf4jLog
2023-05-11 15:02:13,981 [myid:] - WARN  [main:ContextHandler@1656] - o.e.j.s.ServletContextHandler@78691363{/,null,STOPPED} contextPath ends with /*
2023-05-11 15:02:13,982 [myid:] - WARN  [main:ContextHandler@1667] - Empty contextPath
2023-05-11 15:02:14,002 [myid:] - INFO  [main:Server@375] - jetty-9.4.43.v20210629; built: 2021-06-30T11:07:22.254Z; git: 526006ecfa3af7f1a27ef3a288e2bef7ea9dd7e8; jvm 11.0.18+10-post-Ubuntu-0ubuntu118.04.1
2023-05-11 15:02:14,030 [myid:] - INFO  [main:DefaultSessionIdManager@334] - DefaultSessionIdManager workerName=node0
2023-05-11 15:02:14,030 [myid:] - INFO  [main:DefaultSessionIdManager@339] - No SessionScavenger set, using defaults
2023-05-11 15:02:14,032 [myid:] - INFO  [main:HouseKeeper@132] - node0 Scavenging every 600000ms
2023-05-11 15:02:14,035 [myid:] - WARN  [main:ConstraintSecurityHandler@759] - ServletContext@o.e.j.s.ServletContextHandler@78691363{/,null,STARTING} has uncovered http methods for path: /*
2023-05-11 15:02:14,043 [myid:] - INFO  [main:ContextHandler@915] - Started o.e.j.s.ServletContextHandler@78691363{/,null,AVAILABLE}
2023-05-11 15:02:14,064 [myid:] - INFO  [main:AbstractConnector@331] - Started ServerConnector@5e0826e7{HTTP/1.1, (http/1.1)}{0.0.0.0:8080}
2023-05-11 15:02:14,064 [myid:] - INFO  [main:Server@415] - Started @617ms
2023-05-11 15:02:14,064 [myid:] - INFO  [main:JettyAdminServer@190] - Started AdminServer on address 0.0.0.0, port 8080 and command URL /commands
2023-05-11 15:02:14,069 [myid:] - INFO  [main:ServerCnxnFactory@169] - Using org.apache.zookeeper.server.NIOServerCnxnFactory as server connection factory
2023-05-11 15:02:14,070 [myid:] - WARN  [main:ServerCnxnFactory@309] - maxCnxns is not configured, using default value 0.
2023-05-11 15:02:14,072 [myid:] - INFO  [main:NIOServerCnxnFactory@652] - Configuring NIO connection handler with 10s sessionless connection timeout, 4 selector thread(s), 80 worker threads, and 64 kB direct buffers.
2023-05-11 15:02:14,073 [myid:] - INFO  [main:NIOServerCnxnFactory@660] - binding to port 0.0.0.0/0.0.0.0:2181
2023-05-11 15:02:14,088 [myid:] - INFO  [main:WatchManagerFactory@42] - Using org.apache.zookeeper.server.watch.WatchManager as watch manager
2023-05-11 15:02:14,088 [myid:] - INFO  [main:WatchManagerFactory@42] - Using org.apache.zookeeper.server.watch.WatchManager as watch manager
2023-05-11 15:02:14,089 [myid:] - INFO  [main:ZKDatabase@133] - zookeeper.snapshotSizeFactor = 0.33
2023-05-11 15:02:14,089 [myid:] - INFO  [main:ZKDatabase@153] - zookeeper.commitLogCount=500
2023-05-11 15:02:14,094 [myid:] - INFO  [main:SnapStream@61] - zookeeper.snapshot.compression.method = CHECKED
2023-05-11 15:02:14,094 [myid:] - INFO  [main:FileTxnSnapLog@479] - Snapshotting: 0x0 to /tmp/zookeeper/version-2/snapshot.0
2023-05-11 15:02:14,097 [myid:] - INFO  [main:ZKDatabase@290] - Snapshot loaded in 8 ms, highest zxid is 0x0, digest is 1371985504
2023-05-11 15:02:14,099 [myid:] - INFO  [main:FileTxnSnapLog@479] - Snapshotting: 0x0 to /tmp/zookeeper/version-2/snapshot.0
2023-05-11 15:02:14,100 [myid:] - INFO  [main:ZooKeeperServer@543] - Snapshot taken in 0 ms
2023-05-11 15:02:14,109 [myid:] - INFO  [main:RequestThrottler@75] - zookeeper.request_throttler.shutdownTimeout = 10000
2023-05-11 15:02:14,109 [myid:] - INFO  [ProcessThread(sid:0 cport:2181)::PrepRequestProcessor@137] - PrepRequestProcessor (sid:0) started, reconfigEnabled=false
2023-05-11 15:02:14,125 [myid:] - INFO  [main:ContainerManager@84] - Using checkIntervalMs=60000 maxPerMinute=10000 maxNeverUsedIntervalMs=0
2023-05-11 15:02:14,126 [myid:] - INFO  [main:ZKAuditProvider@42] - ZooKeeper audit is disabled.
2023-05-11 15:06:48,717 [myid:] - INFO  [SyncThread:0:FileTxnLog@284] - Creating new log file: log.1
2023-05-11 15:28:37,456 [myid:] - WARN  [NIOWorkerThread-31:NIOServerCnxn@371] - Unexpected exception
EndOfStreamException: Unable to read additional data from client, it probably closed the socket: address = /127.0.0.1:58274, session = 0x100058225ad000a
	at org.apache.zookeeper.server.NIOServerCnxn.handleFailedRead(NIOServerCnxn.java:170)
	at org.apache.zookeeper.server.NIOServerCnxn.doIO(NIOServerCnxn.java:333)
	at org.apache.zookeeper.server.NIOServerCnxnFactory$IOWorkRequest.doWork(NIOServerCnxnFactory.java:508)
	at org.apache.zookeeper.server.WorkerService$ScheduledWorkRequest.run(WorkerService.java:154)
	at java.base/java.util.concurrent.ThreadPoolExecutor.runWorker(ThreadPoolExecutor.java:1128)
	at java.base/java.util.concurrent.ThreadPoolExecutor$Worker.run(ThreadPoolExecutor.java:628)
	at java.base/java.lang.Thread.run(Thread.java:829)
2023-05-11 15:28:46,697 [myid:] - INFO  [SessionTracker:ZooKeeperServer@628] - Expiring session 0x100058225ad000a, timeout of 10000ms exceeded
2023-05-11 15:31:00,697 [myid:] - WARN  [NIOWorkerThread-40:NIOServerCnxn@371] - Unexpected exception
EndOfStreamException: Unable to read additional data from client, it probably closed the socket: address = /127.0.0.1:58288, session = 0x100058225ad000b
	at org.apache.zookeeper.server.NIOServerCnxn.handleFailedRead(NIOServerCnxn.java:170)
	at org.apache.zookeeper.server.NIOServerCnxn.doIO(NIOServerCnxn.java:333)
	at org.apache.zookeeper.server.NIOServerCnxnFactory$IOWorkRequest.doWork(NIOServerCnxnFactory.java:508)
	at org.apache.zookeeper.server.WorkerService$ScheduledWorkRequest.run(WorkerService.java:154)
	at java.base/java.util.concurrent.ThreadPoolExecutor.runWorker(ThreadPoolExecutor.java:1128)
	at java.base/java.util.concurrent.ThreadPoolExecutor$Worker.run(ThreadPoolExecutor.java:628)
	at java.base/java.lang.Thread.run(Thread.java:829)
2023-05-11 15:31:08,697 [myid:] - INFO  [SessionTracker:ZooKeeperServer@628] - Expiring session 0x100058225ad000b, timeout of 10000ms exceeded
2023-05-11 15:31:09,579 [myid:] - WARN  [NIOWorkerThread-37:NIOServerCnxn@371] - Unexpected exception
EndOfStreamException: Unable to read additional data from client, it probably closed the socket: address = /127.0.0.1:58298, session = 0x100058225ad000c
	at org.apache.zookeeper.server.NIOServerCnxn.handleFailedRead(NIOServerCnxn.java:170)
	at org.apache.zookeeper.server.NIOServerCnxn.doIO(NIOServerCnxn.java:333)
	at org.apache.zookeeper.server.NIOServerCnxnFactory$IOWorkRequest.doWork(NIOServerCnxnFactory.java:508)
	at org.apache.zookeeper.server.WorkerService$ScheduledWorkRequest.run(WorkerService.java:154)
	at java.base/java.util.concurrent.ThreadPoolExecutor.runWorker(ThreadPoolExecutor.java:1128)
	at java.base/java.util.concurrent.ThreadPoolExecutor$Worker.run(ThreadPoolExecutor.java:628)
	at java.base/java.lang.Thread.run(Thread.java:829)
2023-05-11 15:31:18,697 [myid:] - INFO  [SessionTracker:ZooKeeperServer@628] - Expiring session 0x100058225ad000c, timeout of 10000ms exceeded
2023-05-11 15:37:35,845 [myid:] - WARN  [NIOWorkerThread-16:NIOServerCnxn@371] - Unexpected exception
EndOfStreamException: Unable to read additional data from client, it probably closed the socket: address = /127.0.0.1:58300, session = 0x100058225ad000d
	at org.apache.zookeeper.server.NIOServerCnxn.handleFailedRead(NIOServerCnxn.java:170)
	at org.apache.zookeeper.server.NIOServerCnxn.doIO(NIOServerCnxn.java:333)
	at org.apache.zookeeper.server.NIOServerCnxnFactory$IOWorkRequest.doWork(NIOServerCnxnFactory.java:508)
	at org.apache.zookeeper.server.WorkerService$ScheduledWorkRequest.run(WorkerService.java:154)
	at java.base/java.util.concurrent.ThreadPoolExecutor.runWorker(ThreadPoolExecutor.java:1128)
	at java.base/java.util.concurrent.ThreadPoolExecutor$Worker.run(ThreadPoolExecutor.java:628)
	at java.base/java.lang.Thread.run(Thread.java:829)
2023-05-11 15:37:46,697 [myid:] - INFO  [SessionTracker:ZooKeeperServer@628] - Expiring session 0x100058225ad000d, timeout of 10000ms exceeded
2023-05-11 15:38:43,484 [myid:] - WARN  [NIOWorkerThread-67:NIOServerCnxn@371] - Unexpected exception
EndOfStreamException: Unable to read additional data from client, it probably closed the socket: address = /127.0.0.1:58448, session = 0x100058225ad000e
	at org.apache.zookeeper.server.NIOServerCnxn.handleFailedRead(NIOServerCnxn.java:170)
	at org.apache.zookeeper.server.NIOServerCnxn.doIO(NIOServerCnxn.java:333)
	at org.apache.zookeeper.server.NIOServerCnxnFactory$IOWorkRequest.doWork(NIOServerCnxnFactory.java:508)
	at org.apache.zookeeper.server.WorkerService$ScheduledWorkRequest.run(WorkerService.java:154)
	at java.base/java.util.concurrent.ThreadPoolExecutor.runWorker(ThreadPoolExecutor.java:1128)
	at java.base/java.util.concurrent.ThreadPoolExecutor$Worker.run(ThreadPoolExecutor.java:628)
	at java.base/java.lang.Thread.run(Thread.java:829)
2023-05-11 15:38:50,696 [myid:] - INFO  [SessionTracker:ZooKeeperServer@628] - Expiring session 0x100058225ad000e, timeout of 10000ms exceeded
2023-05-11 15:39:38,963 [myid:] - WARN  [NIOWorkerThread-45:NIOServerCnxn@371] - Unexpected exception
EndOfStreamException: Unable to read additional data from client, it probably closed the socket: address = /127.0.0.1:58454, session = 0x100058225ad000f
	at org.apache.zookeeper.server.NIOServerCnxn.handleFailedRead(NIOServerCnxn.java:170)
	at org.apache.zookeeper.server.NIOServerCnxn.doIO(NIOServerCnxn.java:333)
	at org.apache.zookeeper.server.NIOServerCnxnFactory$IOWorkRequest.doWork(NIOServerCnxnFactory.java:508)
	at org.apache.zookeeper.server.WorkerService$ScheduledWorkRequest.run(WorkerService.java:154)
	at java.base/java.util.concurrent.ThreadPoolExecutor.runWorker(ThreadPoolExecutor.java:1128)
	at java.base/java.util.concurrent.ThreadPoolExecutor$Worker.run(ThreadPoolExecutor.java:628)
	at java.base/java.lang.Thread.run(Thread.java:829)
2023-05-11 15:39:47,079 [myid:] - WARN  [NIOWorkerThread-37:NIOServerCnxn@371] - Unexpected exception
EndOfStreamException: Unable to read additional data from client, it probably closed the socket: address = /127.0.0.1:58458, session = 0x100058225ad0010
	at org.apache.zookeeper.server.NIOServerCnxn.handleFailedRead(NIOServerCnxn.java:170)
	at org.apache.zookeeper.server.NIOServerCnxn.doIO(NIOServerCnxn.java:333)
	at org.apache.zookeeper.server.NIOServerCnxnFactory$IOWorkRequest.doWork(NIOServerCnxnFactory.java:508)
	at org.apache.zookeeper.server.WorkerService$ScheduledWorkRequest.run(WorkerService.java:154)
	at java.base/java.util.concurrent.ThreadPoolExecutor.runWorker(ThreadPoolExecutor.java:1128)
	at java.base/java.util.concurrent.ThreadPoolExecutor$Worker.run(ThreadPoolExecutor.java:628)
	at java.base/java.lang.Thread.run(Thread.java:829)
2023-05-11 15:39:48,696 [myid:] - INFO  [SessionTracker:ZooKeeperServer@628] - Expiring session 0x100058225ad000f, timeout of 10000ms exceeded
2023-05-11 15:39:56,696 [myid:] - INFO  [SessionTracker:ZooKeeperServer@628] - Expiring session 0x100058225ad0010, timeout of 10000ms exceeded
2023-05-11 15:41:32,540 [myid:] - WARN  [NIOWorkerThread-52:NIOServerCnxn@371] - Unexpected exception
EndOfStreamException: Unable to read additional data from client, it probably closed the socket: address = /127.0.0.1:58462, session = 0x100058225ad0011
	at org.apache.zookeeper.server.NIOServerCnxn.handleFailedRead(NIOServerCnxn.java:170)
	at org.apache.zookeeper.server.NIOServerCnxn.doIO(NIOServerCnxn.java:333)
	at org.apache.zookeeper.server.NIOServerCnxnFactory$IOWorkRequest.doWork(NIOServerCnxnFactory.java:508)
	at org.apache.zookeeper.server.WorkerService$ScheduledWorkRequest.run(WorkerService.java:154)
	at java.base/java.util.concurrent.ThreadPoolExecutor.runWorker(ThreadPoolExecutor.java:1128)
	at java.base/java.util.concurrent.ThreadPoolExecutor$Worker.run(ThreadPoolExecutor.java:628)
	at java.base/java.lang.Thread.run(Thread.java:829)
2023-05-11 15:41:42,697 [myid:] - INFO  [SessionTracker:ZooKeeperServer@628] - Expiring session 0x100058225ad0011, timeout of 10000ms exceeded
2023-05-11 15:43:14,854 [myid:] - WARN  [NIOWorkerThread-67:NIOServerCnxn@371] - Unexpected exception
EndOfStreamException: Unable to read additional data from client, it probably closed the socket: address = /127.0.0.1:58466, session = 0x100058225ad0012
	at org.apache.zookeeper.server.NIOServerCnxn.handleFailedRead(NIOServerCnxn.java:170)
	at org.apache.zookeeper.server.NIOServerCnxn.doIO(NIOServerCnxn.java:333)
	at org.apache.zookeeper.server.NIOServerCnxnFactory$IOWorkRequest.doWork(NIOServerCnxnFactory.java:508)
	at org.apache.zookeeper.server.WorkerService$ScheduledWorkRequest.run(WorkerService.java:154)
	at java.base/java.util.concurrent.ThreadPoolExecutor.runWorker(ThreadPoolExecutor.java:1128)
	at java.base/java.util.concurrent.ThreadPoolExecutor$Worker.run(ThreadPoolExecutor.java:628)
	at java.base/java.lang.Thread.run(Thread.java:829)
2023-05-11 15:43:24,696 [myid:] - INFO  [SessionTracker:ZooKeeperServer@628] - Expiring session 0x100058225ad0012, timeout of 10000ms exceeded
2023-05-11 15:43:53,864 [myid:] - WARN  [NIOWorkerThread-10:NIOServerCnxn@371] - Unexpected exception
EndOfStreamException: Unable to read additional data from client, it probably closed the socket: address = /127.0.0.1:58472, session = 0x100058225ad0013
	at org.apache.zookeeper.server.NIOServerCnxn.handleFailedRead(NIOServerCnxn.java:170)
	at org.apache.zookeeper.server.NIOServerCnxn.doIO(NIOServerCnxn.java:333)
	at org.apache.zookeeper.server.NIOServerCnxnFactory$IOWorkRequest.doWork(NIOServerCnxnFactory.java:508)
	at org.apache.zookeeper.server.WorkerService$ScheduledWorkRequest.run(WorkerService.java:154)
	at java.base/java.util.concurrent.ThreadPoolExecutor.runWorker(ThreadPoolExecutor.java:1128)
	at java.base/java.util.concurrent.ThreadPoolExecutor$Worker.run(ThreadPoolExecutor.java:628)
	at java.base/java.lang.Thread.run(Thread.java:829)
2023-05-11 15:44:04,697 [myid:] - INFO  [SessionTracker:ZooKeeperServer@628] - Expiring session 0x100058225ad0013, timeout of 10000ms exceeded
2023-05-11 15:54:24,231 [myid:] - WARN  [NIOWorkerThread-72:NIOServerCnxn@371] - Unexpected exception
EndOfStreamException: Unable to read additional data from client, it probably closed the socket: address = /127.0.0.1:58478, session = 0x100058225ad0014
	at org.apache.zookeeper.server.NIOServerCnxn.handleFailedRead(NIOServerCnxn.java:170)
	at org.apache.zookeeper.server.NIOServerCnxn.doIO(NIOServerCnxn.java:333)
	at org.apache.zookeeper.server.NIOServerCnxnFactory$IOWorkRequest.doWork(NIOServerCnxnFactory.java:508)
	at org.apache.zookeeper.server.WorkerService$ScheduledWorkRequest.run(WorkerService.java:154)
	at java.base/java.util.concurrent.ThreadPoolExecutor.runWorker(ThreadPoolExecutor.java:1128)
	at java.base/java.util.concurrent.ThreadPoolExecutor$Worker.run(ThreadPoolExecutor.java:628)
	at java.base/java.lang.Thread.run(Thread.java:829)
2023-05-11 15:54:34,697 [myid:] - INFO  [SessionTracker:ZooKeeperServer@628] - Expiring session 0x100058225ad0014, timeout of 10000ms exceeded
2023-05-11 16:19:01,866 [myid:] - WARN  [NIOWorkerThread-5:NIOServerCnxn@371] - Unexpected exception
EndOfStreamException: Unable to read additional data from client, it probably closed the socket: address = /127.0.0.1:58568, session = 0x100058225ad0024
	at org.apache.zookeeper.server.NIOServerCnxn.handleFailedRead(NIOServerCnxn.java:170)
	at org.apache.zookeeper.server.NIOServerCnxn.doIO(NIOServerCnxn.java:333)
	at org.apache.zookeeper.server.NIOServerCnxnFactory$IOWorkRequest.doWork(NIOServerCnxnFactory.java:508)
	at org.apache.zookeeper.server.WorkerService$ScheduledWorkRequest.run(WorkerService.java:154)
	at java.base/java.util.concurrent.ThreadPoolExecutor.runWorker(ThreadPoolExecutor.java:1128)
	at java.base/java.util.concurrent.ThreadPoolExecutor$Worker.run(ThreadPoolExecutor.java:628)
	at java.base/java.lang.Thread.run(Thread.java:829)
2023-05-11 16:19:10,697 [myid:] - INFO  [SessionTracker:ZooKeeperServer@628] - Expiring session 0x100058225ad0024, timeout of 10000ms exceeded
2023-05-11 16:22:50,478 [myid:] - WARN  [NIOWorkerThread-4:NIOServerCnxn@371] - Unexpected exception
EndOfStreamException: Unable to read additional data from client, it probably closed the socket: address = /127.0.0.1:58734, session = 0x100058225ad0031
	at org.apache.zookeeper.server.NIOServerCnxn.handleFailedRead(NIOServerCnxn.java:170)
	at org.apache.zookeeper.server.NIOServerCnxn.doIO(NIOServerCnxn.java:333)
	at org.apache.zookeeper.server.NIOServerCnxnFactory$IOWorkRequest.doWork(NIOServerCnxnFactory.java:508)
	at org.apache.zookeeper.server.WorkerService$ScheduledWorkRequest.run(WorkerService.java:154)
	at java.base/java.util.concurrent.ThreadPoolExecutor.runWorker(ThreadPoolExecutor.java:1128)
	at java.base/java.util.concurrent.ThreadPoolExecutor$Worker.run(ThreadPoolExecutor.java:628)
	at java.base/java.lang.Thread.run(Thread.java:829)
2023-05-11 16:23:00,697 [myid:] - INFO  [SessionTracker:ZooKeeperServer@628] - Expiring session 0x100058225ad0031, timeout of 10000ms exceeded
2023-05-11 16:55:22,569 [myid:] - WARN  [NIOWorkerThread-34:NIOServerCnxn@371] - Unexpected exception
EndOfStreamException: Unable to read additional data from client, it probably closed the socket: address = /127.0.0.1:58756, session = 0x100058225ad0032
	at org.apache.zookeeper.server.NIOServerCnxn.handleFailedRead(NIOServerCnxn.java:170)
	at org.apache.zookeeper.server.NIOServerCnxn.doIO(NIOServerCnxn.java:333)
	at org.apache.zookeeper.server.NIOServerCnxnFactory$IOWorkRequest.doWork(NIOServerCnxnFactory.java:508)
	at org.apache.zookeeper.server.WorkerService$ScheduledWorkRequest.run(WorkerService.java:154)
	at java.base/java.util.concurrent.ThreadPoolExecutor.runWorker(ThreadPoolExecutor.java:1128)
	at java.base/java.util.concurrent.ThreadPoolExecutor$Worker.run(ThreadPoolExecutor.java:628)
	at java.base/java.lang.Thread.run(Thread.java:829)
2023-05-11 16:55:30,697 [myid:] - INFO  [SessionTracker:ZooKeeperServer@628] - Expiring session 0x100058225ad0032, timeout of 10000ms exceeded
2023-05-11 16:57:32,031 [myid:] - WARN  [NIOWorkerThread-31:NIOServerCnxn@371] - Unexpected exception
EndOfStreamException: Unable to read additional data from client, it probably closed the socket: address = /127.0.0.1:58854, session = 0x100058225ad003e
	at org.apache.zookeeper.server.NIOServerCnxn.handleFailedRead(NIOServerCnxn.java:170)
	at org.apache.zookeeper.server.NIOServerCnxn.doIO(NIOServerCnxn.java:333)
	at org.apache.zookeeper.server.NIOServerCnxnFactory$IOWorkRequest.doWork(NIOServerCnxnFactory.java:508)
	at org.apache.zookeeper.server.WorkerService$ScheduledWorkRequest.run(WorkerService.java:154)
	at java.base/java.util.concurrent.ThreadPoolExecutor.runWorker(ThreadPoolExecutor.java:1128)
	at java.base/java.util.concurrent.ThreadPoolExecutor$Worker.run(ThreadPoolExecutor.java:628)
	at java.base/java.lang.Thread.run(Thread.java:829)
2023-05-11 16:57:42,697 [myid:] - INFO  [SessionTracker:ZooKeeperServer@628] - Expiring session 0x100058225ad003e, timeout of 10000ms exceeded
2023-05-11 17:57:52,559 [myid:] - WARN  [NIOWorkerThread-70:NIOServerCnxn@371] - Unexpected exception
EndOfStreamException: Unable to read additional data from client, it probably closed the socket: address = /127.0.0.1:58866, session = 0x100058225ad003f
	at org.apache.zookeeper.server.NIOServerCnxn.handleFailedRead(NIOServerCnxn.java:170)
	at org.apache.zookeeper.server.NIOServerCnxn.doIO(NIOServerCnxn.java:333)
	at org.apache.zookeeper.server.NIOServerCnxnFactory$IOWorkRequest.doWork(NIOServerCnxnFactory.java:508)
	at org.apache.zookeeper.server.WorkerService$ScheduledWorkRequest.run(WorkerService.java:154)
	at java.base/java.util.concurrent.ThreadPoolExecutor.runWorker(ThreadPoolExecutor.java:1128)
	at java.base/java.util.concurrent.ThreadPoolExecutor$Worker.run(ThreadPoolExecutor.java:628)
	at java.base/java.lang.Thread.run(Thread.java:829)
2023-05-11 17:58:02,697 [myid:] - INFO  [SessionTracker:ZooKeeperServer@628] - Expiring session 0x100058225ad003f, timeout of 10000ms exceeded
2023-05-11 20:17:07,185 [myid:] - WARN  [NIOWorkerThread-11:NIOServerCnxn@380] - Close of session 0x0
java.io.IOException: Len error. A message from /87.236.176.249:43715 with advertised length of 1195725856 is either a malformed message or too large to process (length is greater than jute.maxbuffer=1048575)
	at org.apache.zookeeper.server.NIOServerCnxn.readLength(NIOServerCnxn.java:549)
	at org.apache.zookeeper.server.NIOServerCnxn.doIO(NIOServerCnxn.java:339)
	at org.apache.zookeeper.server.NIOServerCnxnFactory$IOWorkRequest.doWork(NIOServerCnxnFactory.java:508)
	at org.apache.zookeeper.server.WorkerService$ScheduledWorkRequest.run(WorkerService.java:154)
	at java.base/java.util.concurrent.ThreadPoolExecutor.runWorker(ThreadPoolExecutor.java:1128)
	at java.base/java.util.concurrent.ThreadPoolExecutor$Worker.run(ThreadPoolExecutor.java:628)
	at java.base/java.lang.Thread.run(Thread.java:829)
2023-05-11 20:17:22,391 [myid:] - INFO  [NIOWorkerThread-27:FourLetterCommands@223] - The list of known four letter word commands is : [{1936881266=srvr, 1937006964=stat, 2003003491=wchc, 1685417328=dump, 1668445044=crst, 1936880500=srst, 1701738089=envi, 1668247142=conf, -720899=telnet close, 1751217000=hash, 2003003507=wchs, 2003003504=wchp, 1684632179=dirs, 1668247155=cons, 1835955314=mntr, 1769173615=isro, 1920298859=ruok, 1735683435=gtmk, 1937010027=stmk}]
2023-05-11 20:17:22,391 [myid:] - INFO  [NIOWorkerThread-27:FourLetterCommands@224] - The list of enabled four letter word commands is : [[srvr]]
2023-05-11 20:17:37,598 [myid:] - WARN  [NIOWorkerThread-32:NIOServerCnxn@380] - Close of session 0x0
java.io.IOException: Len error. A message from /87.236.176.221:46647 with advertised length of 281021184 is either a malformed message or too large to process (length is greater than jute.maxbuffer=1048575)
	at org.apache.zookeeper.server.NIOServerCnxn.readLength(NIOServerCnxn.java:549)
	at org.apache.zookeeper.server.NIOServerCnxn.doIO(NIOServerCnxn.java:339)
	at org.apache.zookeeper.server.NIOServerCnxnFactory$IOWorkRequest.doWork(NIOServerCnxnFactory.java:508)
	at org.apache.zookeeper.server.WorkerService$ScheduledWorkRequest.run(WorkerService.java:154)
	at java.base/java.util.concurrent.ThreadPoolExecutor.runWorker(ThreadPoolExecutor.java:1128)
	at java.base/java.util.concurrent.ThreadPoolExecutor$Worker.run(ThreadPoolExecutor.java:628)
	at java.base/java.lang.Thread.run(Thread.java:829)
2023-05-11 20:17:52,800 [myid:] - WARN  [NIOWorkerThread-50:NIOServerCnxn@380] - Close of session 0x0
java.io.IOException: Len error. A message from /87.236.176.220:35159 with advertised length of 83888899 is either a malformed message or too large to process (length is greater than jute.maxbuffer=1048575)
	at org.apache.zookeeper.server.NIOServerCnxn.readLength(NIOServerCnxn.java:549)
	at org.apache.zookeeper.server.NIOServerCnxn.doIO(NIOServerCnxn.java:339)
	at org.apache.zookeeper.server.NIOServerCnxnFactory$IOWorkRequest.doWork(NIOServerCnxnFactory.java:508)
	at org.apache.zookeeper.server.WorkerService$ScheduledWorkRequest.run(WorkerService.java:154)
	at java.base/java.util.concurrent.ThreadPoolExecutor.runWorker(ThreadPoolExecutor.java:1128)
	at java.base/java.util.concurrent.ThreadPoolExecutor$Worker.run(ThreadPoolExecutor.java:628)
	at java.base/java.lang.Thread.run(Thread.java:829)
2023-05-11 20:18:11,049 [myid:] - WARN  [NIOWorkerThread-75:NIOServerCnxn@380] - Close of session 0x0
java.io.IOException: Len error. A message from /87.236.176.218:51911 with advertised length of 302055450 is either a malformed message or too large to process (length is greater than jute.maxbuffer=1048575)
	at org.apache.zookeeper.server.NIOServerCnxn.readLength(NIOServerCnxn.java:549)
	at org.apache.zookeeper.server.NIOServerCnxn.doIO(NIOServerCnxn.java:339)
	at org.apache.zookeeper.server.NIOServerCnxnFactory$IOWorkRequest.doWork(NIOServerCnxnFactory.java:508)
	at org.apache.zookeeper.server.WorkerService$ScheduledWorkRequest.run(WorkerService.java:154)
	at java.base/java.util.concurrent.ThreadPoolExecutor.runWorker(ThreadPoolExecutor.java:1128)
	at java.base/java.util.concurrent.ThreadPoolExecutor$Worker.run(ThreadPoolExecutor.java:628)
	at java.base/java.lang.Thread.run(Thread.java:829)
2023-05-11 20:18:29,254 [myid:] - WARN  [NIOWorkerThread-23:NIOServerCnxn@371] - Unexpected exception
EndOfStreamException: Unable to read additional data from client, it probably closed the socket: address = /87.236.176.232:59443, session = 0x0
	at org.apache.zookeeper.server.NIOServerCnxn.handleFailedRead(NIOServerCnxn.java:170)
	at org.apache.zookeeper.server.NIOServerCnxn.doIO(NIOServerCnxn.java:333)
	at org.apache.zookeeper.server.NIOServerCnxnFactory$IOWorkRequest.doWork(NIOServerCnxnFactory.java:508)
	at org.apache.zookeeper.server.WorkerService$ScheduledWorkRequest.run(WorkerService.java:154)
	at java.base/java.util.concurrent.ThreadPoolExecutor.runWorker(ThreadPoolExecutor.java:1128)
	at java.base/java.util.concurrent.ThreadPoolExecutor$Worker.run(ThreadPoolExecutor.java:628)
	at java.base/java.lang.Thread.run(Thread.java:829)
2023-05-11 20:18:44,354 [myid:] - WARN  [NIOWorkerThread-38:NIOServerCnxn@380] - Close of session 0x0
java.io.IOException: Len error. A message from /87.236.176.250:55043 with advertised length of 50331692 is either a malformed message or too large to process (length is greater than jute.maxbuffer=1048575)
	at org.apache.zookeeper.server.NIOServerCnxn.readLength(NIOServerCnxn.java:549)
	at org.apache.zookeeper.server.NIOServerCnxn.doIO(NIOServerCnxn.java:339)
	at org.apache.zookeeper.server.NIOServerCnxnFactory$IOWorkRequest.doWork(NIOServerCnxnFactory.java:508)
	at org.apache.zookeeper.server.WorkerService$ScheduledWorkRequest.run(WorkerService.java:154)
	at java.base/java.util.concurrent.ThreadPoolExecutor.runWorker(ThreadPoolExecutor.java:1128)
	at java.base/java.util.concurrent.ThreadPoolExecutor$Worker.run(ThreadPoolExecutor.java:628)
	at java.base/java.lang.Thread.run(Thread.java:829)
2023-05-11 20:18:59,558 [myid:] - WARN  [NIOWorkerThread-47:NIOServerCnxn@380] - Close of session 0x0
java.io.IOException: Len error. A message from /87.236.176.237:37123 with advertised length of 707857674 is either a malformed message or too large to process (length is greater than jute.maxbuffer=1048575)
	at org.apache.zookeeper.server.NIOServerCnxn.readLength(NIOServerCnxn.java:549)
	at org.apache.zookeeper.server.NIOServerCnxn.doIO(NIOServerCnxn.java:339)
	at org.apache.zookeeper.server.NIOServerCnxnFactory$IOWorkRequest.doWork(NIOServerCnxnFactory.java:508)
	at org.apache.zookeeper.server.WorkerService$ScheduledWorkRequest.run(WorkerService.java:154)
	at java.base/java.util.concurrent.ThreadPoolExecutor.runWorker(ThreadPoolExecutor.java:1128)
	at java.base/java.util.concurrent.ThreadPoolExecutor$Worker.run(ThreadPoolExecutor.java:628)
	at java.base/java.lang.Thread.run(Thread.java:829)
2023-05-11 20:19:14,762 [myid:] - INFO  [NIOWorkerThread-61:ZooKeeperServer@1435] - Refusing session request for client /87.236.176.239:46819 as it has seen zxid 0x7200000000000000 our last zxid is 0xed client must try another server
2023-05-11 20:19:15,986 [myid:] - INFO  [NIOWorkerThread-68:ZooKeeperServer@1435] - Refusing session request for client /87.236.176.239:49661 as it has seen zxid 0x4000000000000000 our last zxid is 0xed client must try another server
2023-05-11 20:19:31,188 [myid:] - WARN  [NIOWorkerThread-1:NIOServerCnxn@380] - Close of session 0x0
java.io.IOException: Len error. A message from /87.236.176.250:49809 with advertised length of 369295616 is either a malformed message or too large to process (length is greater than jute.maxbuffer=1048575)
	at org.apache.zookeeper.server.NIOServerCnxn.readLength(NIOServerCnxn.java:549)
	at org.apache.zookeeper.server.NIOServerCnxn.doIO(NIOServerCnxn.java:339)
	at org.apache.zookeeper.server.NIOServerCnxnFactory$IOWorkRequest.doWork(NIOServerCnxnFactory.java:508)
	at org.apache.zookeeper.server.WorkerService$ScheduledWorkRequest.run(WorkerService.java:154)
	at java.base/java.util.concurrent.ThreadPoolExecutor.runWorker(ThreadPoolExecutor.java:1128)
	at java.base/java.util.concurrent.ThreadPoolExecutor$Worker.run(ThreadPoolExecutor.java:628)
	at java.base/java.lang.Thread.run(Thread.java:829)
2023-05-11 23:08:04,441 [myid:] - WARN  [NIOWorkerThread-52:NIOServerCnxn@371] - Unexpected exception
EndOfStreamException: Unable to read additional data from client, it probably closed the socket: address = /127.0.0.1:59082, session = 0x100058225ad0040
	at org.apache.zookeeper.server.NIOServerCnxn.handleFailedRead(NIOServerCnxn.java:170)
	at org.apache.zookeeper.server.NIOServerCnxn.doIO(NIOServerCnxn.java:333)
	at org.apache.zookeeper.server.NIOServerCnxnFactory$IOWorkRequest.doWork(NIOServerCnxnFactory.java:508)
	at org.apache.zookeeper.server.WorkerService$ScheduledWorkRequest.run(WorkerService.java:154)
	at java.base/java.util.concurrent.ThreadPoolExecutor.runWorker(ThreadPoolExecutor.java:1128)
	at java.base/java.util.concurrent.ThreadPoolExecutor$Worker.run(ThreadPoolExecutor.java:628)
	at java.base/java.lang.Thread.run(Thread.java:829)
2023-05-11 23:08:12,697 [myid:] - INFO  [SessionTracker:ZooKeeperServer@628] - Expiring session 0x100058225ad0040, timeout of 10000ms exceeded
2023-05-11 23:09:42,863 [myid:] - WARN  [NIOWorkerThread-59:NIOServerCnxn@371] - Unexpected exception
EndOfStreamException: Unable to read additional data from client, it probably closed the socket: address = /127.0.0.1:59104, session = 0x100058225ad0041
	at org.apache.zookeeper.server.NIOServerCnxn.handleFailedRead(NIOServerCnxn.java:170)
	at org.apache.zookeeper.server.NIOServerCnxn.doIO(NIOServerCnxn.java:333)
	at org.apache.zookeeper.server.NIOServerCnxnFactory$IOWorkRequest.doWork(NIOServerCnxnFactory.java:508)
	at org.apache.zookeeper.server.WorkerService$ScheduledWorkRequest.run(WorkerService.java:154)
	at java.base/java.util.concurrent.ThreadPoolExecutor.runWorker(ThreadPoolExecutor.java:1128)
	at java.base/java.util.concurrent.ThreadPoolExecutor$Worker.run(ThreadPoolExecutor.java:628)
	at java.base/java.lang.Thread.run(Thread.java:829)
2023-05-11 23:09:50,697 [myid:] - INFO  [SessionTracker:ZooKeeperServer@628] - Expiring session 0x100058225ad0041, timeout of 10000ms exceeded
